<?xml version="1.0" encoding="UTF-8"?>
<coverage generated="1765446781734" clover="3.2.0">
  <project timestamp="1765446781734" name="All files">
    <metrics statements="69" coveredstatements="69" conditionals="42" coveredconditionals="41" methods="31" coveredmethods="31" elements="142" coveredelements="141" complexity="0" loc="69" ncloc="69" packages="7" files="8" classes="8"/>
    <package name="components.BookingInfo">
      <metrics statements="1" coveredstatements="1" conditionals="0" coveredconditionals="0" methods="1" coveredmethods="1"/>
      <file name="BookingInfo.jsx" path="C:\Users\Camil\DEV\CI CD Deployment\individuell-examination\strajk-bowling\src\components\BookingInfo\BookingInfo.jsx">
        <metrics statements="1" coveredstatements="1" conditionals="0" coveredconditionals="0" methods="1" coveredmethods="1"/>
        <line num="6" count="73" type="stmt"/>
      </file>
    </package>
    <package name="components.ErrorMessage">
      <metrics statements="1" coveredstatements="1" conditionals="0" coveredconditionals="0" methods="1" coveredmethods="1"/>
      <file name="ErrorMessage.jsx" path="C:\Users\Camil\DEV\CI CD Deployment\individuell-examination\strajk-bowling\src\components\ErrorMessage\ErrorMessage.jsx">
        <metrics statements="1" coveredstatements="1" conditionals="0" coveredconditionals="0" methods="1" coveredmethods="1"/>
        <line num="4" count="5" type="stmt"/>
      </file>
    </package>
    <package name="components.Input">
      <metrics statements="1" coveredstatements="1" conditionals="4" coveredconditionals="4" methods="1" coveredmethods="1"/>
      <file name="Input.jsx" path="C:\Users\Camil\DEV\CI CD Deployment\individuell-examination\strajk-bowling\src\components\Input\Input.jsx">
        <metrics statements="1" coveredstatements="1" conditionals="4" coveredconditionals="4" methods="1" coveredmethods="1"/>
        <line num="13" count="427" type="stmt"/>
      </file>
    </package>
    <package name="components.Navigation">
      <metrics statements="6" coveredstatements="6" conditionals="6" coveredconditionals="6" methods="4" coveredmethods="4"/>
      <file name="Navigation.jsx" path="C:\Users\Camil\DEV\CI CD Deployment\individuell-examination\strajk-bowling\src\components\Navigation\Navigation.jsx">
        <metrics statements="6" coveredstatements="6" conditionals="6" coveredconditionals="6" methods="4" coveredmethods="4"/>
        <line num="7" count="77" type="stmt"/>
        <line num="8" count="77" type="stmt"/>
        <line num="10" count="77" type="stmt"/>
        <line num="13" count="2" type="stmt"/>
        <line num="15" count="1" type="stmt"/>
        <line num="17" count="1" type="stmt"/>
      </file>
    </package>
    <package name="components.Shoes">
      <metrics statements="7" coveredstatements="7" conditionals="0" coveredconditionals="0" methods="4" coveredmethods="4"/>
      <file name="Shoes.jsx" path="C:\Users\Camil\DEV\CI CD Deployment\individuell-examination\strajk-bowling\src\components\Shoes\Shoes.jsx">
        <metrics statements="7" coveredstatements="7" conditionals="0" coveredconditionals="0" methods="4" coveredmethods="4"/>
        <line num="7" count="81" type="stmt"/>
        <line num="8" count="131" type="stmt"/>
        <line num="10" count="131" type="stmt"/>
        <line num="22" count="2" type="stmt"/>
        <line num="30" count="131" type="stmt"/>
        <line num="33" count="81" type="stmt"/>
        <line num="42" count="18" type="stmt"/>
      </file>
    </package>
    <package name="components.Top">
      <metrics statements="1" coveredstatements="1" conditionals="0" coveredconditionals="0" methods="1" coveredmethods="1"/>
      <file name="Top.jsx" path="C:\Users\Camil\DEV\CI CD Deployment\individuell-examination\strajk-bowling\src\components\Top\Top.jsx">
        <metrics statements="1" coveredstatements="1" conditionals="0" coveredconditionals="0" methods="1" coveredmethods="1"/>
        <line num="5" count="74" type="stmt"/>
      </file>
    </package>
    <package name="views">
      <metrics statements="52" coveredstatements="52" conditionals="32" coveredconditionals="31" methods="19" coveredmethods="19"/>
      <file name="Booking.jsx" path="C:\Users\Camil\DEV\CI CD Deployment\individuell-examination\strajk-bowling\src\views\Booking.jsx">
        <metrics statements="49" coveredstatements="49" conditionals="26" coveredconditionals="25" methods="18" coveredmethods="18"/>
        <line num="12" count="72" type="stmt"/>
        <line num="18" count="72" type="stmt"/>
        <line num="19" count="72" type="stmt"/>
        <line num="20" count="72" type="stmt"/>
        <line num="23" count="24" type="stmt"/>
        <line num="24" count="24" type="stmt"/>
        <line num="26" count="24" type="stmt"/>
        <line num="33" count="18" type="stmt"/>
        <line num="34" count="18" type="stmt"/>
        <line num="36" count="18" type="cond" truecount="3" falsecount="1"/>
        <line num="37" count="18" type="stmt"/>
        <line num="38" count="18" type="stmt"/>
        <line num="39" count="71" type="cond" truecount="2" falsecount="0"/>
        <line num="46" count="17" type="stmt"/>
        <line num="48" count="17" type="stmt"/>
        <line num="52" count="1" type="stmt"/>
        <line num="54" count="1" type="stmt"/>
        <line num="58" count="3" type="stmt"/>
        <line num="60" count="13" type="cond" truecount="2" falsecount="0"/>
        <line num="62" count="3" type="stmt"/>
        <line num="66" count="2" type="stmt"/>
        <line num="67" count="2" type="stmt"/>
        <line num="69" count="2" type="cond" truecount="2" falsecount="0"/>
        <line num="71" count="1" type="stmt"/>
        <line num="75" count="1" type="stmt"/>
        <line num="85" count="1" type="stmt"/>
        <line num="87" count="1" type="stmt"/>
        <line num="91" count="5" type="stmt"/>
        <line num="95" count="1" type="stmt"/>
        <line num="96" count="1" type="stmt"/>
        <line num="98" count="1" type="stmt"/>
        <line num="103" count="6" type="stmt"/>
        <line num="105" count="6" type="cond" truecount="2" falsecount="0"/>
        <line num="111" count="1" type="stmt"/>
        <line num="112" count="5" type="cond" truecount="2" falsecount="0"/>
        <line num="113" count="2" type="stmt"/>
        <line num="114" count="3" type="cond" truecount="2" falsecount="0"/>
        <line num="115" count="1" type="stmt"/>
        <line num="116" count="2" type="cond" truecount="2" falsecount="0"/>
        <line num="117" count="1" type="stmt"/>
        <line num="120" count="6" type="cond" truecount="2" falsecount="0"/>
        <line num="121" count="5" type="stmt"/>
        <line num="122" count="5" type="stmt"/>
        <line num="125" count="1" type="stmt"/>
        <line num="129" count="4" type="stmt"/>
        <line num="132" count="1" type="stmt"/>
        <line num="133" count="1" type="stmt"/>
        <line num="135" count="1" type="stmt"/>
        <line num="140" count="72" type="stmt"/>
      </file>
      <file name="Confirmation.jsx" path="C:\Users\Camil\DEV\CI CD Deployment\individuell-examination\strajk-bowling\src\views\Confirmation.jsx">
        <metrics statements="3" coveredstatements="3" conditionals="6" coveredconditionals="6" methods="1" coveredmethods="1"/>
        <line num="9" count="2" type="stmt"/>
        <line num="12" count="2" type="cond" truecount="2" falsecount="0"/>
        <line num="15" count="2" type="stmt"/>
      </file>
    </package>
  </project>
</coverage>
