<?xml version="1.0" encoding="UTF-8"?>
<coverage generated="1765382290042" clover="3.2.0">
  <project timestamp="1765382290042" name="All files">
    <metrics statements="77" coveredstatements="67" conditionals="42" coveredconditionals="38" methods="32" coveredmethods="26" elements="151" coveredelements="131" complexity="0" loc="77" ncloc="77" packages="9" files="20" classes="20"/>
    <package name="mocks">
      <metrics statements="8" coveredstatements="3" conditionals="0" coveredconditionals="0" methods="1" coveredmethods="0"/>
      <file name="handlers.js" path="C:\Users\Camil\DEV\CI CD Deployment\individuell-examination\strajk-bowling\mocks\handlers.js">
        <metrics statements="7" coveredstatements="2" conditionals="0" coveredconditionals="0" methods="1" coveredmethods="0"/>
        <line num="3" count="4" type="stmt"/>
        <line num="5" count="4" type="stmt"/>
        <line num="7" count="0" type="stmt"/>
        <line num="9" count="0" type="stmt"/>
        <line num="10" count="0" type="stmt"/>
        <line num="11" count="0" type="stmt"/>
        <line num="13" count="0" type="stmt"/>
      </file>
      <file name="server.js" path="C:\Users\Camil\DEV\CI CD Deployment\individuell-examination\strajk-bowling\mocks\server.js">
        <metrics statements="1" coveredstatements="1" conditionals="0" coveredconditionals="0" methods="0" coveredmethods="0"/>
        <line num="4" count="4" type="stmt"/>
      </file>
    </package>
    <package name="src.assets">
      <metrics statements="0" coveredstatements="0" conditionals="0" coveredconditionals="0" methods="0" coveredmethods="0"/>
      <file name="navicon.svg" path="C:\Users\Camil\DEV\CI CD Deployment\individuell-examination\strajk-bowling\src\assets\navicon.svg">
        <metrics statements="0" coveredstatements="0" conditionals="0" coveredconditionals="0" methods="0" coveredmethods="0"/>
      </file>
      <file name="strajk-logo.svg" path="C:\Users\Camil\DEV\CI CD Deployment\individuell-examination\strajk-bowling\src\assets\strajk-logo.svg">
        <metrics statements="0" coveredstatements="0" conditionals="0" coveredconditionals="0" methods="0" coveredmethods="0"/>
      </file>
    </package>
    <package name="src.components.BookingInfo">
      <metrics statements="1" coveredstatements="1" conditionals="0" coveredconditionals="0" methods="1" coveredmethods="1"/>
      <file name="BookingInfo.jsx" path="C:\Users\Camil\DEV\CI CD Deployment\individuell-examination\strajk-bowling\src\components\BookingInfo\BookingInfo.jsx">
        <metrics statements="1" coveredstatements="1" conditionals="0" coveredconditionals="0" methods="1" coveredmethods="1"/>
        <line num="6" count="64" type="stmt"/>
      </file>
      <file name="BookingInfo.scss" path="C:\Users\Camil\DEV\CI CD Deployment\individuell-examination\strajk-bowling\src\components\BookingInfo\BookingInfo.scss">
        <metrics statements="0" coveredstatements="0" conditionals="0" coveredconditionals="0" methods="0" coveredmethods="0"/>
      </file>
    </package>
    <package name="src.components.ErrorMessage">
      <metrics statements="1" coveredstatements="1" conditionals="0" coveredconditionals="0" methods="1" coveredmethods="1"/>
      <file name="ErrorMessage.jsx" path="C:\Users\Camil\DEV\CI CD Deployment\individuell-examination\strajk-bowling\src\components\ErrorMessage\ErrorMessage.jsx">
        <metrics statements="1" coveredstatements="1" conditionals="0" coveredconditionals="0" methods="1" coveredmethods="1"/>
        <line num="4" count="4" type="stmt"/>
      </file>
      <file name="ErrorMessage.scss" path="C:\Users\Camil\DEV\CI CD Deployment\individuell-examination\strajk-bowling\src\components\ErrorMessage\ErrorMessage.scss">
        <metrics statements="0" coveredstatements="0" conditionals="0" coveredconditionals="0" methods="0" coveredmethods="0"/>
      </file>
    </package>
    <package name="src.components.Input">
      <metrics statements="1" coveredstatements="1" conditionals="4" coveredconditionals="4" methods="1" coveredmethods="1"/>
      <file name="Input.jsx" path="C:\Users\Camil\DEV\CI CD Deployment\individuell-examination\strajk-bowling\src\components\Input\Input.jsx">
        <metrics statements="1" coveredstatements="1" conditionals="4" coveredconditionals="4" methods="1" coveredmethods="1"/>
        <line num="13" count="389" type="stmt"/>
      </file>
      <file name="Input.scss" path="C:\Users\Camil\DEV\CI CD Deployment\individuell-examination\strajk-bowling\src\components\Input\Input.scss">
        <metrics statements="0" coveredstatements="0" conditionals="0" coveredconditionals="0" methods="0" coveredmethods="0"/>
      </file>
    </package>
    <package name="src.components.Navigation">
      <metrics statements="6" coveredstatements="3" conditionals="6" coveredconditionals="3" methods="4" coveredmethods="1"/>
      <file name="Navigation.jsx" path="C:\Users\Camil\DEV\CI CD Deployment\individuell-examination\strajk-bowling\src\components\Navigation\Navigation.jsx">
        <metrics statements="6" coveredstatements="3" conditionals="6" coveredconditionals="3" methods="4" coveredmethods="1"/>
        <line num="7" count="65" type="stmt"/>
        <line num="8" count="65" type="stmt"/>
        <line num="10" count="65" type="stmt"/>
        <line num="13" count="0" type="stmt"/>
        <line num="15" count="0" type="stmt"/>
        <line num="17" count="0" type="stmt"/>
      </file>
      <file name="Navigation.scss" path="C:\Users\Camil\DEV\CI CD Deployment\individuell-examination\strajk-bowling\src\components\Navigation\Navigation.scss">
        <metrics statements="0" coveredstatements="0" conditionals="0" coveredconditionals="0" methods="0" coveredmethods="0"/>
      </file>
    </package>
    <package name="src.components.Shoes">
      <metrics statements="7" coveredstatements="7" conditionals="0" coveredconditionals="0" methods="4" coveredmethods="4"/>
      <file name="Shoes.jsx" path="C:\Users\Camil\DEV\CI CD Deployment\individuell-examination\strajk-bowling\src\components\Shoes\Shoes.jsx">
        <metrics statements="7" coveredstatements="7" conditionals="0" coveredconditionals="0" methods="4" coveredmethods="4"/>
        <line num="7" count="72" type="stmt"/>
        <line num="8" count="129" type="stmt"/>
        <line num="10" count="129" type="stmt"/>
        <line num="22" count="1" type="stmt"/>
        <line num="30" count="129" type="stmt"/>
        <line num="33" count="72" type="stmt"/>
        <line num="42" count="17" type="stmt"/>
      </file>
      <file name="Shoes.scss" path="C:\Users\Camil\DEV\CI CD Deployment\individuell-examination\strajk-bowling\src\components\Shoes\Shoes.scss">
        <metrics statements="0" coveredstatements="0" conditionals="0" coveredconditionals="0" methods="0" coveredmethods="0"/>
      </file>
    </package>
    <package name="src.components.Top">
      <metrics statements="1" coveredstatements="1" conditionals="0" coveredconditionals="0" methods="1" coveredmethods="1"/>
      <file name="Top.jsx" path="C:\Users\Camil\DEV\CI CD Deployment\individuell-examination\strajk-bowling\src\components\Top\Top.jsx">
        <metrics statements="1" coveredstatements="1" conditionals="0" coveredconditionals="0" methods="1" coveredmethods="1"/>
        <line num="5" count="65" type="stmt"/>
      </file>
      <file name="Top.scss" path="C:\Users\Camil\DEV\CI CD Deployment\individuell-examination\strajk-bowling\src\components\Top\Top.scss">
        <metrics statements="0" coveredstatements="0" conditionals="0" coveredconditionals="0" methods="0" coveredmethods="0"/>
      </file>
    </package>
    <package name="src.views">
      <metrics statements="52" coveredstatements="50" conditionals="32" coveredconditionals="31" methods="19" coveredmethods="17"/>
      <file name="Booking.jsx" path="C:\Users\Camil\DEV\CI CD Deployment\individuell-examination\strajk-bowling\src\views\Booking.jsx">
        <metrics statements="49" coveredstatements="47" conditionals="26" coveredconditionals="25" methods="18" coveredmethods="16"/>
        <line num="12" count="63" type="stmt"/>
        <line num="18" count="63" type="stmt"/>
        <line num="19" count="63" type="stmt"/>
        <line num="20" count="63" type="stmt"/>
        <line num="23" count="20" type="stmt"/>
        <line num="24" count="20" type="stmt"/>
        <line num="26" count="20" type="stmt"/>
        <line num="33" count="17" type="stmt"/>
        <line num="34" count="17" type="stmt"/>
        <line num="36" count="17" type="cond" truecount="3" falsecount="1"/>
        <line num="37" count="17" type="stmt"/>
        <line num="38" count="17" type="stmt"/>
        <line num="39" count="70" type="cond" truecount="2" falsecount="0"/>
        <line num="46" count="16" type="stmt"/>
        <line num="48" count="16" type="stmt"/>
        <line num="52" count="0" type="stmt"/>
        <line num="54" count="0" type="stmt"/>
        <line num="58" count="3" type="stmt"/>
        <line num="60" count="13" type="cond" truecount="2" falsecount="0"/>
        <line num="62" count="3" type="stmt"/>
        <line num="66" count="2" type="stmt"/>
        <line num="67" count="2" type="stmt"/>
        <line num="69" count="2" type="cond" truecount="2" falsecount="0"/>
        <line num="71" count="1" type="stmt"/>
        <line num="75" count="1" type="stmt"/>
        <line num="85" count="1" type="stmt"/>
        <line num="87" count="1" type="stmt"/>
        <line num="91" count="4" type="stmt"/>
        <line num="95" count="1" type="stmt"/>
        <line num="96" count="1" type="stmt"/>
        <line num="98" count="1" type="stmt"/>
        <line num="103" count="5" type="stmt"/>
        <line num="105" count="5" type="cond" truecount="2" falsecount="0"/>
        <line num="111" count="1" type="stmt"/>
        <line num="112" count="4" type="cond" truecount="2" falsecount="0"/>
        <line num="113" count="1" type="stmt"/>
        <line num="114" count="3" type="cond" truecount="2" falsecount="0"/>
        <line num="115" count="1" type="stmt"/>
        <line num="116" count="2" type="cond" truecount="2" falsecount="0"/>
        <line num="117" count="1" type="stmt"/>
        <line num="120" count="5" type="cond" truecount="2" falsecount="0"/>
        <line num="121" count="4" type="stmt"/>
        <line num="122" count="4" type="stmt"/>
        <line num="125" count="1" type="stmt"/>
        <line num="129" count="4" type="stmt"/>
        <line num="132" count="1" type="stmt"/>
        <line num="133" count="1" type="stmt"/>
        <line num="135" count="1" type="stmt"/>
        <line num="140" count="63" type="stmt"/>
      </file>
      <file name="Booking.scss" path="C:\Users\Camil\DEV\CI CD Deployment\individuell-examination\strajk-bowling\src\views\Booking.scss">
        <metrics statements="0" coveredstatements="0" conditionals="0" coveredconditionals="0" methods="0" coveredmethods="0"/>
      </file>
      <file name="Confirmation.jsx" path="C:\Users\Camil\DEV\CI CD Deployment\individuell-examination\strajk-bowling\src\views\Confirmation.jsx">
        <metrics statements="3" coveredstatements="3" conditionals="6" coveredconditionals="6" methods="1" coveredmethods="1"/>
        <line num="9" count="2" type="stmt"/>
        <line num="12" count="2" type="cond" truecount="2" falsecount="0"/>
        <line num="15" count="2" type="stmt"/>
      </file>
      <file name="Confirmation.scss" path="C:\Users\Camil\DEV\CI CD Deployment\individuell-examination\strajk-bowling\src\views\Confirmation.scss">
        <metrics statements="0" coveredstatements="0" conditionals="0" coveredconditionals="0" methods="0" coveredmethods="0"/>
      </file>
    </package>
  </project>
</coverage>
